-------------------------------------------------------------------------------
Test set: com.birtouta.BirtoutaApplicationTests
-------------------------------------------------------------------------------
Tests run: 1, Failures: 0, Errors: 1, Skipped: 0, Time elapsed: 5.146 s <<< FAILURE! - in com.birtouta.BirtoutaApplicationTests
contextLoads  Time elapsed: 0.002 s  <<< ERROR!
java.lang.IllegalStateException: Failed to load ApplicationContext
Caused by: org.springframework.beans.factory.BeanCreationException: Error creating bean with name 'entityManagerFactory' defined in class path resource [org/springframework/boot/autoconfigure/orm/jpa/HibernateJpaConfiguration.class]: Invocation of init method failed; nested exception is org.hibernate.AnnotationException: mappedBy reference an unknown target entity property: com.birtouta.entities.Order.store in com.birtouta.entities.Store.orders
Caused by: org.hibernate.AnnotationException: mappedBy reference an unknown target entity property: com.birtouta.entities.Order.store in com.birtouta.entities.Store.orders

